<?xml version="1.0" encoding="UTF-8"?>
<!-- Generated by org.testng.reporters.JUnitReportReporter -->
<testsuite hostname="FLW-GodsfavourNwoko-PC" failures="0" tests="1" name="frameworktutorial.ExtentReports.ExtentReportsDemo" time="12.452" errors="0" timestamp="2024-06-17T20:27:46 WAT" skipped="0">
  <testcase classname="frameworktutorial.ExtentReports.ExtentReportsDemo" name="initialDemo" time="12.452"/>
</testsuite> <!-- frameworktutorial.ExtentReports.ExtentReportsDemo -->
